loss_bbox: 0.2808 (0.4365)  loss_giou: 0.7532 (0.9041)  loss_vfl: 1.0710 (1.0973)
loss_bbox: 0.2256 (0.2650)  loss_giou: 0.6683 (0.6985)  loss_vfl: 1.0508 (1.0595)
loss_bbox: 0.2372 (0.2451)  loss_giou: 0.6180 (0.6597)  loss_vfl: 0.9790 (0.9995)
loss_bbox: 0.2428 (0.2327)  loss_giou: 0.5991 (0.6366)  loss_vfl: 0.9631 (0.9639)
loss_bbox: 0.2157 (0.2255)  loss_giou: 0.6190 (0.6220)  loss_vfl: 0.8838 (0.9373)
loss_bbox: 0.2055 (0.2187)  loss_giou: 0.5914 (0.6105)  loss_vfl: 0.8633 (0.9174)
loss_bbox: 0.2220 (0.2146)  loss_giou: 0.5433 (0.5999)  loss_vfl: 0.9414 (0.9052)
loss_bbox: 0.2024 (0.2098)  loss_giou: 0.5891 (0.5930)  loss_vfl: 0.8831 (0.8938)
loss_bbox: 0.1919 (0.2067)  loss_giou: 0.6007 (0.5842)  loss_vfl: 0.8816 (0.8856)
loss_bbox: 0.1895 (0.2033)  loss_giou: 0.5273 (0.5800)  loss_vfl: 0.8579 (0.8761)
loss_bbox: 0.1867 (0.2015)  loss_giou: 0.5300 (0.5756)  loss_vfl: 0.8223 (0.8677)
loss_bbox: 0.1716 (0.1991)  loss_giou: 0.5609 (0.5705)  loss_vfl: 0.8340 (0.8611)
loss_bbox: 0.1759 (0.1973)  loss_giou: 0.5609 (0.5651)  loss_vfl: 0.8186 (0.8561)
loss_bbox: 0.2214 (0.1940)  loss_giou: 0.5614 (0.5612)  loss_vfl: 0.8525 (0.8520)
loss_bbox: 0.1786 (0.1934)  loss_giou: 0.4986 (0.5568)  loss_vfl: 0.8503 (0.8467)
loss_bbox: 0.1781 (0.1919)  loss_giou: 0.5294 (0.5564)  loss_vfl: 0.8762 (0.8412)
loss_bbox: 0.1877 (0.1895)  loss_giou: 0.6011 (0.5526)  loss_vfl: 0.7742 (0.8372)
loss_bbox: 0.1841 (0.1887)  loss_giou: 0.5280 (0.5502)  loss_vfl: 0.8411 (0.8327)
loss_bbox: 0.1634 (0.1871)  loss_giou: 0.5622 (0.5475)  loss_vfl: 0.8083 (0.8297)
loss_bbox: 0.1892 (0.1863)  loss_giou: 0.5850 (0.5438)  loss_vfl: 0.7952 (0.8260)
loss_bbox: 0.1674 (0.1853)  loss_giou: 0.5123 (0.5436)  loss_vfl: 0.7961 (0.8231)
loss_bbox: 0.1789 (0.1835)  loss_giou: 0.5265 (0.5411)  loss_vfl: 0.8318 (0.8199)
loss_bbox: 0.1701 (0.1828)  loss_giou: 0.5731 (0.5371)  loss_vfl: 0.8125 (0.8174)
loss_bbox: 0.1683 (0.1825)  loss_giou: 0.5220 (0.5363)  loss_vfl: 0.8594 (0.8142)
loss_bbox: 0.1730 (0.1810)  loss_giou: 0.5356 (0.5326)  loss_vfl: 0.8374 (0.8135)
loss_bbox: 0.1792 (0.1804)  loss_giou: 0.4863 (0.5329)  loss_vfl: 0.8269 (0.8088)
loss_bbox: 0.1855 (0.1796)  loss_giou: 0.4702 (0.5315)  loss_vfl: 0.8077 (0.8067)
loss_bbox: 0.1695 (0.1793)  loss_giou: 0.4768 (0.5291)  loss_vfl: 0.7671 (0.8045)
loss_bbox: 0.1657 (0.1780)  loss_giou: 0.4689 (0.5276)  loss_vfl: 0.7925 (0.8017)
loss_bbox: 0.1743 (0.1770)  loss_giou: 0.5080 (0.5245)  loss_vfl: 0.8196 (0.8014)
loss_bbox: 0.1753 (0.1757)  loss_giou: 0.5243 (0.5242)  loss_vfl: 0.7622 (0.7994)
loss_bbox: 0.1664 (0.1762)  loss_giou: 0.5128 (0.5221)  loss_vfl: 0.7603 (0.7969)
loss_bbox: 0.1527 (0.1749)  loss_giou: 0.5030 (0.5236)  loss_vfl: 0.7515 (0.7915)
loss_bbox: 0.1697 (0.1747)  loss_giou: 0.4849 (0.5188)  loss_vfl: 0.8171 (0.7938)
loss_bbox: 0.1552 (0.1741)  loss_giou: 0.5042 (0.5191)  loss_vfl: 0.7766 (0.7909)
loss_bbox: 0.1518 (0.1738)  loss_giou: 0.5103 (0.5179)  loss_vfl: 0.7874 (0.7882)
loss_bbox: 0.1872 (0.1730)  loss_giou: 0.4751 (0.5166)  loss_vfl: 0.7458 (0.7879)
loss_bbox: 0.1865 (0.1720)  loss_giou: 0.5211 (0.5159)  loss_vfl: 0.7632 (0.7866)
loss_bbox: 0.1927 (0.1710)  loss_giou: 0.5026 (0.5155)  loss_vfl: 0.7666 (0.7829)
loss_bbox: 0.1706 (0.1714)  loss_giou: 0.5198 (0.5143)  loss_vfl: 0.7678 (0.7820)
loss_bbox: 0.1509 (0.1707)  loss_giou: 0.4341 (0.5124)  loss_vfl: 0.7590 (0.7806)
loss_bbox: 0.1759 (0.1711)  loss_giou: 0.4537 (0.5124)  loss_vfl: 0.8347 (0.7787)
loss_bbox: 0.1610 (0.1695)  loss_giou: 0.4957 (0.5121)  loss_vfl: 0.7461 (0.7779)
loss_bbox: 0.1678 (0.1690)  loss_giou: 0.5086 (0.5116)  loss_vfl: 0.7871 (0.7762)
loss_bbox: 0.1635 (0.1687)  loss_giou: 0.4875 (0.5085)  loss_vfl: 0.7468 (0.7756)
loss_bbox: 0.1591 (0.1686)  loss_giou: 0.4853 (0.5092)  loss_vfl: 0.7218 (0.7734)
loss_bbox: 0.1477 (0.1683)  loss_giou: 0.4782 (0.5088)  loss_vfl: 0.7283 (0.7708)
loss_bbox: 0.1545 (0.1683)  loss_giou: 0.5188 (0.5066)  loss_vfl: 0.7349 (0.7722)
loss_bbox: 0.1598 (0.1678)  loss_giou: 0.4857 (0.5050)  loss_vfl: 0.7472 (0.7702)
loss_bbox: 0.1689 (0.1666)  loss_giou: 0.5437 (0.5030)  loss_vfl: 0.7500 (0.7698)
loss_bbox: 0.1885 (0.1666)  loss_giou: 0.4473 (0.5024)  loss_vfl: 0.7815 (0.7677)
loss_bbox: 0.1621 (0.1668)  loss_giou: 0.5080 (0.5051)  loss_vfl: 0.7471 (0.7658)
loss_bbox: 0.1701 (0.1655)  loss_giou: 0.4564 (0.5046)  loss_vfl: 0.7166 (0.7643)
loss_bbox: 0.1739 (0.1654)  loss_giou: 0.4963 (0.5019)  loss_vfl: 0.7219 (0.7637)
loss_bbox: 0.1668 (0.1645)  loss_giou: 0.4883 (0.5031)  loss_vfl: 0.7349 (0.7626)
loss_bbox: 0.1745 (0.1652)  loss_giou: 0.4449 (0.5004)  loss_vfl: 0.7478 (0.7621)
loss_bbox: 0.1627 (0.1652)  loss_giou: 0.4839 (0.4999)  loss_vfl: 0.7307 (0.7612)
loss_bbox: 0.1552 (0.1636)  loss_giou: 0.4875 (0.4992)  loss_vfl: 0.7061 (0.7586)
loss_bbox: 0.1591 (0.1638)  loss_giou: 0.4952 (0.4986)  loss_vfl: 0.7515 (0.7602)
loss_bbox: 0.1486 (0.1632)  loss_giou: 0.4827 (0.4968)  loss_vfl: 0.7251 (0.7583)
loss_bbox: 0.1485 (0.1632)  loss_giou: 0.5013 (0.4951)  loss_vfl: 0.7206 (0.7579)
loss_bbox: 0.1549 (0.1630)  loss_giou: 0.4828 (0.4965)  loss_vfl: 0.7437 (0.7567)
loss_bbox: 0.1707 (0.1629)  loss_giou: 0.4788 (0.4963)  loss_vfl: 0.7180 (0.7541)
loss_bbox: 0.1429 (0.1627)  loss_giou: 0.4933 (0.4952)  loss_vfl: 0.7019 (0.7534)
loss_bbox: 0.1458 (0.1621)  loss_giou: 0.4937 (0.4945)  loss_vfl: 0.7219 (0.7513)
loss_bbox: 0.1605 (0.1624)  loss_giou: 0.5352 (0.4938)  loss_vfl: 0.7361 (0.7534)
loss_bbox: 0.1563 (0.1616)  loss_giou: 0.4524 (0.4965)  loss_vfl: 0.8013 (0.7508)
loss_bbox: 0.1442 (0.1615)  loss_giou: 0.4472 (0.4929)  loss_vfl: 0.7563 (0.7503)
loss_bbox: 0.1468 (0.1610)  loss_giou: 0.5009 (0.4925)  loss_vfl: 0.7349 (0.7490)
loss_bbox: 0.1368 (0.1613)  loss_giou: 0.4646 (0.4915)  loss_vfl: 0.7725 (0.7484)
loss_bbox: 0.1661 (0.1606)  loss_giou: 0.4425 (0.4905)  loss_vfl: 0.7317 (0.7474)
loss_bbox: 0.1620 (0.1597)  loss_giou: 0.4771 (0.4911)  loss_vfl: 0.7449 (0.7458)
