&&&& RUNNING TensorRT.trtexec [TensorRT v100700] [b23] # trtexec --onnx=/home/hslee/CLASS-FPN/new_ultralytics/yolov6s_FINE.onnx --saveEngine=/home/hslee/CLASS-FPN/new_ultralytics/yolov6s_FINE.engine --fp16
[07/21/2025-19:40:53] [I] === Model Options ===
[07/21/2025-19:40:53] [I] Format: ONNX
[07/21/2025-19:40:53] [I] Model: /home/hslee/CLASS-FPN/new_ultralytics/yolov6s_FINE.onnx
[07/21/2025-19:40:53] [I] Output:
[07/21/2025-19:40:53] [I] === Build Options ===
[07/21/2025-19:40:53] [I] Memory Pools: workspace: default, dlaSRAM: default, dlaLocalDRAM: default, dlaGlobalDRAM: default, tacticSharedMem: default
[07/21/2025-19:40:53] [I] avgTiming: 8
[07/21/2025-19:40:53] [I] Precision: FP32+FP16
[07/21/2025-19:40:53] [I] LayerPrecisions: 
[07/21/2025-19:40:53] [I] Layer Device Types: 
[07/21/2025-19:40:53] [I] Calibration: 
[07/21/2025-19:40:53] [I] Refit: Disabled
[07/21/2025-19:40:53] [I] Strip weights: Disabled
[07/21/2025-19:40:53] [I] Version Compatible: Disabled
[07/21/2025-19:40:53] [I] ONNX Plugin InstanceNorm: Disabled
[07/21/2025-19:40:53] [I] TensorRT runtime: full
[07/21/2025-19:40:53] [I] Lean DLL Path: 
[07/21/2025-19:40:53] [I] Tempfile Controls: { in_memory: allow, temporary: allow }
[07/21/2025-19:40:53] [I] Exclude Lean Runtime: Disabled
[07/21/2025-19:40:53] [I] Sparsity: Disabled
[07/21/2025-19:40:53] [I] Safe mode: Disabled
[07/21/2025-19:40:53] [I] Build DLA standalone loadable: Disabled
[07/21/2025-19:40:53] [I] Allow GPU fallback for DLA: Disabled
[07/21/2025-19:40:53] [I] DirectIO mode: Disabled
[07/21/2025-19:40:53] [I] Restricted mode: Disabled
[07/21/2025-19:40:53] [I] Skip inference: Disabled
[07/21/2025-19:40:53] [I] Save engine: /home/hslee/CLASS-FPN/new_ultralytics/yolov6s_FINE.engine
[07/21/2025-19:40:53] [I] Load engine: 
[07/21/2025-19:40:53] [I] Profiling verbosity: 0
[07/21/2025-19:40:53] [I] Tactic sources: Using default tactic sources
[07/21/2025-19:40:53] [I] timingCacheMode: local
[07/21/2025-19:40:53] [I] timingCacheFile: 
[07/21/2025-19:40:53] [I] Enable Compilation Cache: Enabled
[07/21/2025-19:40:53] [I] Enable Monitor Memory: Disabled
[07/21/2025-19:40:53] [I] errorOnTimingCacheMiss: Disabled
[07/21/2025-19:40:53] [I] Preview Features: Use default preview flags.
[07/21/2025-19:40:53] [I] MaxAuxStreams: -1
[07/21/2025-19:40:53] [I] BuilderOptimizationLevel: -1
[07/21/2025-19:40:53] [I] MaxTactics: -1
[07/21/2025-19:40:53] [I] Calibration Profile Index: 0
[07/21/2025-19:40:53] [I] Weight Streaming: Disabled
[07/21/2025-19:40:53] [I] Runtime Platform: Same As Build
[07/21/2025-19:40:53] [I] Debug Tensors: 
[07/21/2025-19:40:53] [I] Input(s)s format: fp32:CHW
[07/21/2025-19:40:53] [I] Output(s)s format: fp32:CHW
[07/21/2025-19:40:53] [I] Input build shapes: model
[07/21/2025-19:40:53] [I] Input calibration shapes: model
[07/21/2025-19:40:53] [I] === System Options ===
[07/21/2025-19:40:53] [I] Device: 0
[07/21/2025-19:40:53] [I] DLACore: 
[07/21/2025-19:40:53] [I] Plugins:
[07/21/2025-19:40:53] [I] setPluginsToSerialize:
[07/21/2025-19:40:53] [I] dynamicPlugins:
[07/21/2025-19:40:53] [I] ignoreParsedPluginLibs: 0
[07/21/2025-19:40:53] [I] 
[07/21/2025-19:40:53] [I] === Inference Options ===
[07/21/2025-19:40:53] [I] Batch: Explicit
[07/21/2025-19:40:53] [I] Input inference shapes: model
[07/21/2025-19:40:53] [I] Iterations: 10
[07/21/2025-19:40:53] [I] Duration: 3s (+ 200ms warm up)
[07/21/2025-19:40:53] [I] Sleep time: 0ms
[07/21/2025-19:40:53] [I] Idle time: 0ms
[07/21/2025-19:40:53] [I] Inference Streams: 1
[07/21/2025-19:40:53] [I] ExposeDMA: Disabled
[07/21/2025-19:40:53] [I] Data transfers: Enabled
[07/21/2025-19:40:53] [I] Spin-wait: Disabled
[07/21/2025-19:40:53] [I] Multithreading: Disabled
[07/21/2025-19:40:53] [I] CUDA Graph: Disabled
[07/21/2025-19:40:53] [I] Separate profiling: Disabled
[07/21/2025-19:40:53] [I] Time Deserialize: Disabled
[07/21/2025-19:40:53] [I] Time Refit: Disabled
[07/21/2025-19:40:53] [I] NVTX verbosity: 0
[07/21/2025-19:40:53] [I] Persistent Cache Ratio: 0
[07/21/2025-19:40:53] [I] Optimization Profile Index: 0
[07/21/2025-19:40:53] [I] Weight Streaming Budget: 100.000000%
[07/21/2025-19:40:53] [I] Inputs:
[07/21/2025-19:40:53] [I] Debug Tensor Save Destinations:
[07/21/2025-19:40:53] [I] === Reporting Options ===
[07/21/2025-19:40:53] [I] Verbose: Disabled
[07/21/2025-19:40:53] [I] Averages: 10 inferences
[07/21/2025-19:40:53] [I] Percentiles: 90,95,99
[07/21/2025-19:40:53] [I] Dump refittable layers:Disabled
[07/21/2025-19:40:53] [I] Dump output: Disabled
[07/21/2025-19:40:53] [I] Profile: Disabled
[07/21/2025-19:40:53] [I] Export timing to JSON file: 
[07/21/2025-19:40:53] [I] Export output to JSON file: 
[07/21/2025-19:40:53] [I] Export profile to JSON file: 
[07/21/2025-19:40:53] [I] 
[07/21/2025-19:40:53] [I] === Device Information ===
[07/21/2025-19:40:53] [I] Available Devices: 
[07/21/2025-19:40:53] [I]   Device 0: "Orin" UUID: GPU-61c3cd28-2793-529c-ac29-5c40e3503ba2
[07/21/2025-19:40:53] [I] Selected Device: Orin
[07/21/2025-19:40:53] [I] Selected Device ID: 0
[07/21/2025-19:40:53] [I] Selected Device UUID: GPU-61c3cd28-2793-529c-ac29-5c40e3503ba2
[07/21/2025-19:40:53] [I] Compute Capability: 8.7
[07/21/2025-19:40:53] [I] SMs: 8
[07/21/2025-19:40:53] [I] Device Global Memory: 7619 MiB
[07/21/2025-19:40:53] [I] Shared Memory per SM: 164 KiB
[07/21/2025-19:40:53] [I] Memory Bus Width: 128 bits (ECC disabled)
[07/21/2025-19:40:53] [I] Application Compute Clock Rate: 1.02 GHz
[07/21/2025-19:40:53] [I] Application Memory Clock Rate: 0.918 GHz
[07/21/2025-19:40:53] [I] 
[07/21/2025-19:40:53] [I] Note: The application clock rates do not reflect the actual clock rates that the GPU is currently running at.
[07/21/2025-19:40:53] [I] 
[07/21/2025-19:40:53] [I] TensorRT version: 10.7.0
[07/21/2025-19:40:53] [I] Loading standard plugins
[07/21/2025-19:40:53] [I] [TRT] [MemUsageChange] Init CUDA: CPU +1, GPU +0, now: CPU 30, GPU 4766 (MiB)
[07/21/2025-19:40:56] [I] [TRT] [MemUsageChange] Init builder kernel library: CPU +981, GPU +777, now: CPU 1055, GPU 5586 (MiB)
[07/21/2025-19:40:56] [I] Start parsing network model.
[07/21/2025-19:40:57] [I] [TRT] ----------------------------------------------------------------
[07/21/2025-19:40:57] [I] [TRT] Input filename:   /home/hslee/CLASS-FPN/new_ultralytics/yolov6s_FINE.onnx
[07/21/2025-19:40:57] [I] [TRT] ONNX IR version:  0.0.9
[07/21/2025-19:40:57] [I] [TRT] Opset version:    19
[07/21/2025-19:40:57] [I] [TRT] Producer name:    pytorch
[07/21/2025-19:40:57] [I] [TRT] Producer version: 2.5.0
[07/21/2025-19:40:57] [I] [TRT] Domain:           
[07/21/2025-19:40:57] [I] [TRT] Model version:    0
[07/21/2025-19:40:57] [I] [TRT] Doc string:       
[07/21/2025-19:40:57] [I] [TRT] ----------------------------------------------------------------
[07/21/2025-19:40:57] [I] Finished parsing network model. Parse time: 0.149793
[07/21/2025-19:40:57] [I] [TRT] Local timing cache in use. Profiling results in this builder pass will not be stored.
[07/21/2025-19:41:53] [I] [TRT] Compiler backend is used during engine build.
[07/21/2025-19:48:07] [I] [TRT] Detected 1 inputs and 1 output network tensors.
[07/21/2025-19:48:15] [I] [TRT] Total Host Persistent Memory: 398224 bytes
[07/21/2025-19:48:15] [I] [TRT] Total Device Persistent Memory: 33792 bytes
[07/21/2025-19:48:15] [I] [TRT] Max Scratch Memory: 1843712 bytes
[07/21/2025-19:48:15] [I] [TRT] [BlockAssignment] Started assigning block shifts. This will take 87 steps to complete.
[07/21/2025-19:48:15] [I] [TRT] [BlockAssignment] Algorithm ShiftNTopDown took 11.3451ms to assign 7 blocks to 87 nodes requiring 13107200 bytes.
[07/21/2025-19:48:15] [I] [TRT] Total Activation Memory: 13107200 bytes
[07/21/2025-19:48:15] [I] [TRT] Total Weights Memory: 34986912 bytes
[07/21/2025-19:48:15] [I] [TRT] Compiler backend is used during engine execution.
[07/21/2025-19:48:15] [I] [TRT] Engine generation completed in 438.341 seconds.
[07/21/2025-19:48:15] [I] [TRT] [MemUsageStats] Peak memory usage of TRT CPU/GPU memory allocators: CPU 5 MiB, GPU 260 MiB
[07/21/2025-19:48:15] [I] Engine built in 438.488 sec.
[07/21/2025-19:48:15] [I] Created engine with size: 35.1914 MiB
[07/21/2025-19:48:16] [I] [TRT] Loaded engine size: 35 MiB
[07/21/2025-19:48:16] [I] Engine deserialized in 0.117782 sec.
[07/21/2025-19:48:17] [I] [TRT] [MemUsageChange] TensorRT-managed allocation in IExecutionContext creation: CPU +0, GPU +12, now: CPU 0, GPU 45 (MiB)
[07/21/2025-19:48:17] [I] Setting persistentCacheLimit to 0 bytes.
[07/21/2025-19:48:17] [I] Created execution context with device memory size: 12.5 MiB
[07/21/2025-19:48:17] [I] Using random values for input images
[07/21/2025-19:48:17] [I] Input binding for images with dimensions 1x3x640x640 is created.
[07/21/2025-19:48:17] [I] Output binding for output0 with dimensions 1x84x8400 is created.
[07/21/2025-19:48:17] [I] Starting inference
[07/21/2025-19:48:20] [I] Warmup completed 20 queries over 200 ms
[07/21/2025-19:48:20] [I] Timing trace has 395 queries over 3.02088 s
[07/21/2025-19:48:20] [I] 
[07/21/2025-19:48:20] [I] === Trace details ===
[07/21/2025-19:48:20] [I] Trace averages of 10 runs:
[07/21/2025-19:48:20] [I] Average on 10 runs - GPU latency: 8.26262 ms - Host latency: 8.66281 ms (enqueue 2.18088 ms)
[07/21/2025-19:48:20] [I] Average on 10 runs - GPU latency: 7.65202 ms - Host latency: 8.04807 ms (enqueue 2.33443 ms)
[07/21/2025-19:48:20] [I] Average on 10 runs - GPU latency: 7.49243 ms - Host latency: 7.89154 ms (enqueue 2.12045 ms)
[07/21/2025-19:48:20] [I] Average on 10 runs - GPU latency: 8.22645 ms - Host latency: 8.63344 ms (enqueue 2.23551 ms)
[07/21/2025-19:48:20] [I] Average on 10 runs - GPU latency: 7.4908 ms - Host latency: 7.88854 ms (enqueue 2.12803 ms)
[07/21/2025-19:48:20] [I] Average on 10 runs - GPU latency: 7.48976 ms - Host latency: 7.88711 ms (enqueue 2.08755 ms)
[07/21/2025-19:48:20] [I] Average on 10 runs - GPU latency: 7.4923 ms - Host latency: 7.88473 ms (enqueue 2.17336 ms)
[07/21/2025-19:48:20] [I] Average on 10 runs - GPU latency: 7.49159 ms - Host latency: 7.89107 ms (enqueue 2.13286 ms)
[07/21/2025-19:48:20] [I] Average on 10 runs - GPU latency: 7.4925 ms - Host latency: 7.89041 ms (enqueue 2.09713 ms)
[07/21/2025-19:48:20] [I] Average on 10 runs - GPU latency: 7.49705 ms - Host latency: 7.89173 ms (enqueue 2.09449 ms)
[07/21/2025-19:48:20] [I] Average on 10 runs - GPU latency: 8.22095 ms - Host latency: 8.61948 ms (enqueue 2.2696 ms)
[07/21/2025-19:48:20] [I] Average on 10 runs - GPU latency: 7.498 ms - Host latency: 7.89933 ms (enqueue 2.0917 ms)
[07/21/2025-19:48:20] [I] Average on 10 runs - GPU latency: 7.4948 ms - Host latency: 7.8906 ms (enqueue 2.10046 ms)
[07/21/2025-19:48:20] [I] Average on 10 runs - GPU latency: 7.49146 ms - Host latency: 7.88486 ms (enqueue 2.10491 ms)
[07/21/2025-19:48:20] [I] Average on 10 runs - GPU latency: 7.49722 ms - Host latency: 7.89745 ms (enqueue 2.17362 ms)
[07/21/2025-19:48:20] [I] Average on 10 runs - GPU latency: 7.49304 ms - Host latency: 7.88955 ms (enqueue 2.11808 ms)
[07/21/2025-19:48:20] [I] Average on 10 runs - GPU latency: 8.21895 ms - Host latency: 8.61765 ms (enqueue 2.11427 ms)
[07/21/2025-19:48:20] [I] Average on 10 runs - GPU latency: 7.48981 ms - Host latency: 7.88531 ms (enqueue 2.13058 ms)
[07/21/2025-19:48:20] [I] Average on 10 runs - GPU latency: 7.4902 ms - Host latency: 7.88486 ms (enqueue 2.10624 ms)
[07/21/2025-19:48:20] [I] Average on 10 runs - GPU latency: 7.49199 ms - Host latency: 7.88895 ms (enqueue 2.0917 ms)
[07/21/2025-19:48:20] [I] Average on 10 runs - GPU latency: 7.49231 ms - Host latency: 7.88699 ms (enqueue 2.11262 ms)
[07/21/2025-19:48:20] [I] Average on 10 runs - GPU latency: 7.49269 ms - Host latency: 7.88976 ms (enqueue 2.11121 ms)
[07/21/2025-19:48:20] [I] Average on 10 runs - GPU latency: 7.49338 ms - Host latency: 7.8932 ms (enqueue 2.1026 ms)
[07/21/2025-19:48:20] [I] Average on 10 runs - GPU latency: 8.22673 ms - Host latency: 8.62214 ms (enqueue 2.13453 ms)
[07/21/2025-19:48:20] [I] Average on 10 runs - GPU latency: 7.4915 ms - Host latency: 7.88607 ms (enqueue 2.12207 ms)
[07/21/2025-19:48:20] [I] Average on 10 runs - GPU latency: 7.49395 ms - Host latency: 7.89402 ms (enqueue 2.12371 ms)
[07/21/2025-19:48:20] [I] Average on 10 runs - GPU latency: 7.49456 ms - Host latency: 7.89285 ms (enqueue 2.1053 ms)
[07/21/2025-19:48:20] [I] Average on 10 runs - GPU latency: 7.4905 ms - Host latency: 7.88835 ms (enqueue 2.12354 ms)
[07/21/2025-19:48:20] [I] Average on 10 runs - GPU latency: 7.48999 ms - Host latency: 7.88755 ms (enqueue 2.12285 ms)
[07/21/2025-19:48:20] [I] Average on 10 runs - GPU latency: 7.49827 ms - Host latency: 7.90022 ms (enqueue 2.0925 ms)
[07/21/2025-19:48:20] [I] Average on 10 runs - GPU latency: 8.20227 ms - Host latency: 8.60046 ms (enqueue 2.08687 ms)
[07/21/2025-19:48:20] [I] Average on 10 runs - GPU latency: 7.49272 ms - Host latency: 7.89202 ms (enqueue 2.11978 ms)
[07/21/2025-19:48:20] [I] Average on 10 runs - GPU latency: 7.4908 ms - Host latency: 7.88962 ms (enqueue 2.09912 ms)
[07/21/2025-19:48:20] [I] Average on 10 runs - GPU latency: 7.48833 ms - Host latency: 7.88484 ms (enqueue 2.10637 ms)
[07/21/2025-19:48:20] [I] Average on 10 runs - GPU latency: 7.48972 ms - Host latency: 7.88533 ms (enqueue 2.1291 ms)
[07/21/2025-19:48:20] [I] Average on 10 runs - GPU latency: 7.4896 ms - Host latency: 7.88623 ms (enqueue 2.12637 ms)
[07/21/2025-19:48:20] [I] Average on 10 runs - GPU latency: 8.18545 ms - Host latency: 8.58794 ms (enqueue 2.08604 ms)
[07/21/2025-19:48:20] [I] Average on 10 runs - GPU latency: 7.49097 ms - Host latency: 7.88677 ms (enqueue 2.11904 ms)
[07/21/2025-19:48:20] [I] Average on 10 runs - GPU latency: 7.49592 ms - Host latency: 7.89163 ms (enqueue 2.12285 ms)
[07/21/2025-19:48:20] [I] 
[07/21/2025-19:48:20] [I] === Performance summary ===
[07/21/2025-19:48:20] [I] Throughput: 130.757 qps
[07/21/2025-19:48:20] [I] Latency: min = 7.74023 ms, max = 13.4392 ms, mean = 8.02276 ms, median = 7.89117 ms, percentile(90%) = 7.91656 ms, percentile(95%) = 7.948 ms, percentile(99%) = 12.3234 ms
[07/21/2025-19:48:20] [I] Enqueue Time: min = 1.99194 ms, max = 2.87256 ms, mean = 2.12851 ms, median = 2.12213 ms, percentile(90%) = 2.19751 ms, percentile(95%) = 2.22675 ms, percentile(99%) = 2.62357 ms
[07/21/2025-19:48:20] [I] H2D Latency: min = 0.226685 ms, max = 0.287598 ms, mean = 0.25549 ms, median = 0.255127 ms, percentile(90%) = 0.263184 ms, percentile(95%) = 0.264893 ms, percentile(99%) = 0.280762 ms
[07/21/2025-19:48:20] [I] GPU Compute Time: min = 7.41748 ms, max = 13.0294 ms, mean = 7.62535 ms, median = 7.49518 ms, percentile(90%) = 7.51611 ms, percentile(95%) = 7.54446 ms, percentile(99%) = 11.91 ms
[07/21/2025-19:48:20] [I] D2H Latency: min = 0.0664062 ms, max = 0.161743 ms, mean = 0.141919 ms, median = 0.141602 ms, percentile(90%) = 0.144775 ms, percentile(95%) = 0.147705 ms, percentile(99%) = 0.155151 ms
[07/21/2025-19:48:20] [I] Total Host Walltime: 3.02088 s
[07/21/2025-19:48:20] [I] Total GPU Compute Time: 3.01201 s
[07/21/2025-19:48:20] [W] * GPU compute time is unstable, with coefficient of variance = 8.9898%.
[07/21/2025-19:48:20] [W]   If not already in use, locking GPU clock frequency or adding --useSpinWait may improve the stability.
[07/21/2025-19:48:20] [I] Explanations of the performance metrics are printed in the verbose logs.
[07/21/2025-19:48:20] [I] 
&&&& PASSED TensorRT.trtexec [TensorRT v100700] [b23] # trtexec --onnx=/home/hslee/CLASS-FPN/new_ultralytics/yolov6s_FINE.onnx --saveEngine=/home/hslee/CLASS-FPN/new_ultralytics/yolov6s_FINE.engine --fp16
